[debug] [2023-03-09T19:53:20.760Z] ----------------------------------------------------------------------
[debug] [2023-03-09T19:53:20.762Z] Command:       C:\Program Files\nodejs\node.exe C:\Users\Mark\AppData\Roaming\npm\node_modules\firebase-tools\lib\bin\firebase.js init
[debug] [2023-03-09T19:53:20.762Z] CLI Version:   11.24.1
[debug] [2023-03-09T19:53:20.762Z] Platform:      win32
[debug] [2023-03-09T19:53:20.762Z] Node Version:  v18.7.0
[debug] [2023-03-09T19:53:20.763Z] Time:          Thu Mar 09 2023 11:53:20 GMT-0800 (Pacific Standard Time)
[debug] [2023-03-09T19:53:20.763Z] ----------------------------------------------------------------------
[debug] 
[debug] [2023-03-09T19:53:20.770Z] > command requires scopes: ["email","openid","https://www.googleapis.com/auth/cloudplatformprojects.readonly","https://www.googleapis.com/auth/firebase","https://www.googleapis.com/auth/cloud-platform"]
[debug] [2023-03-09T19:53:20.770Z] > authorizing via signed-in user (frazemar@uw.edu)
[info] 
     ######## #### ########  ######## ########     ###     ######  ########
     ##        ##  ##     ## ##       ##     ##  ##   ##  ##       ##
     ######    ##  ########  ######   ########  #########  ######  ######
     ##        ##  ##    ##  ##       ##     ## ##     ##       ## ##
     ##       #### ##     ## ######## ########  ##     ##  ######  ########

You're about to initialize a Firebase project in this directory:

  C:\Users\Mark\Documents\School\2023 Winter\INFO 350\chatbot-cemetery

[info] 
=== Project Setup
[info] 
[info] First, let's associate this project directory with a Firebase project.
[info] You can create multiple project aliases by running firebase use --add, 
[info] but for now we'll just set up a default project.
[info] 
[debug] [2023-03-09T19:53:55.930Z] > refreshing access token with scopes: []
[debug] [2023-03-09T19:53:55.931Z] >>> [apiv2][query] POST https://www.googleapis.com/oauth2/v3/token [none]
[debug] [2023-03-09T19:53:55.931Z] >>> [apiv2][body] POST https://www.googleapis.com/oauth2/v3/token [omitted]
[debug] [2023-03-09T19:53:56.117Z] <<< [apiv2][status] POST https://www.googleapis.com/oauth2/v3/token 200
[debug] [2023-03-09T19:53:56.117Z] <<< [apiv2][body] POST https://www.googleapis.com/oauth2/v3/token [omitted]
[debug] [2023-03-09T19:53:56.127Z] >>> [apiv2][query] GET https://firebase.googleapis.com/v1beta1/projects pageSize=100
[debug] [2023-03-09T19:53:56.516Z] <<< [apiv2][status] GET https://firebase.googleapis.com/v1beta1/projects 200
[debug] [2023-03-09T19:53:56.516Z] <<< [apiv2][body] GET https://firebase.googleapis.com/v1beta1/projects [omitted]
[info] i  Using project chatbot-cemetery (Chatbot Cemetery) 
[info] 
=== Hosting Setup
[info] 
[info] Your public directory is the folder (relative to your project directory) that
[info] will contain Hosting assets to be uploaded with firebase deploy. If you
[info] have a build process for your assets, use your build's output directory.
[info] 
